<?xml version="1.0" encoding="UTF-8"?>
<!-- Generated by org.testng.reporters.JUnitReportReporter -->
<testsuite hostname="Pooja" failures="0" tests="1" name="dummy.test2" time="0.001" errors="0" timestamp="2025-06-03T07:34:43 IST" skipped="0">
  <testcase classname="dummy.test2" name="Test" time="0.001">
    <system-out>
      <![CDATA[Test Method]]>
    </system-out>
  </testcase> <!-- Test -->
  <system-out>
    <![CDATA[Login Method
Test Method]]>
  </system-out>
</testsuite> <!-- dummy.test2 -->
