<?xml version="1.0" encoding="UTF-8"?>
<!-- Generated by org.testng.reporters.JUnitReportReporter -->
<testsuite hostname="Pooja" failures="0" tests="1" name="contact.Contact$CreateContact" time="7.541" errors="0" timestamp="2025-06-09T09:03:33 IST" skipped="0">
  <testcase classname="contact.Contact$CreateContact" name="createcontact" time="7.541"/>
</testsuite> <!-- contact.Contact$CreateContact -->
