<?xml version="1.0" encoding="UTF-8"?>
<!-- Generated by org.testng.reporters.JUnitReportReporter -->
<testsuite hostname="Pooja" failures="0" tests="1" name="dummy.test1" time="0.005" errors="0" timestamp="2025-06-03T07:35:16 IST" skipped="0">
  <testcase classname="dummy.test1" name="Login" time="0.005">
    <system-out>
      <![CDATA[Login Method]]>
    </system-out>
  </testcase> <!-- Login -->
  <system-out>
    <![CDATA[Login Method]]>
  </system-out>
</testsuite> <!-- dummy.test1 -->
